[0830/084335.448:ERROR:process_info.cc(329)] VirtualQueryEx: Access is denied. (0x5)
[0830/084335.464:ERROR:process_info.cc(556)] ReadMemoryInfo failed
[0830/084335.464:ERROR:process_memory_win.cc(39)] Failed to initialize ProcessInfo.
[0830/084335.464:ERROR:scoped_process_suspend.cc(40)] NtResumeProcess: An attempt was made to access an exiting process. (0xc000010a)
[0910/220950.436:ERROR:process_reader_win.cc(123)] NtOpenThread: {Access Denied} A process has requested access to an object, but has not been granted those access rights. (0xc0000022)
[0910/220950.452:ERROR:exception_snapshot_win.cc(99)] thread ID 9436 not found in process
[0910/220950.467:ERROR:process_reader_win.cc(123)] NtOpenThread: {Access Denied} A process has requested access to an object, but has not been granted those access rights. (0xc0000022)
[0910/220950.467:ERROR:exception_snapshot_win.cc(99)] thread ID 3972 not found in process
[0910/220950.467:ERROR:scoped_process_suspend.cc(40)] NtResumeProcess: An attempt was made to access an exiting process. (0xc000010a)
[1025/221214.773:ERROR:directory_reader_win.cc(43)] FindFirstFile: The system cannot find the path specified. (0x3)
[1025/223944.778:ERROR:process_reader_win.cc(123)] NtOpenThread: {Access Denied} A process has requested access to an object, but has not been granted those access rights. (0xc0000022)
[1025/223944.778:ERROR:process_reader_win.cc(123)] NtOpenThread: {Access Denied} A process has requested access to an object, but has not been granted those access rights. (0xc0000022)
[1025/223944.778:ERROR:exception_snapshot_win.cc(99)] thread ID 9544 not found in process
[1025/223944.778:ERROR:exception_snapshot_win.cc(99)] thread ID 12008 not found in process
[1025/223944.778:ERROR:process_reader_win.cc(123)] NtOpenThread: {Access Denied} A process has requested access to an object, but has not been granted those access rights. (0xc0000022)
[1025/223944.778:ERROR:exception_snapshot_win.cc(99)] thread ID 2052 not found in process
[1025/223944.793:ERROR:process_reader_win.cc(123)] NtOpenThread: {Access Denied} A process has requested access to an object, but has not been granted those access rights. (0xc0000022)
[1025/223944.793:ERROR:exception_snapshot_win.cc(99)] thread ID 5668 not found in process
[1025/223944.793:ERROR:process_reader_win.cc(123)] NtOpenThread: {Access Denied} A process has requested access to an object, but has not been granted those access rights. (0xc0000022)
[1025/223944.793:ERROR:exception_snapshot_win.cc(99)] thread ID 6928 not found in process
[1025/223944.809:ERROR:process_reader_win.cc(123)] NtOpenThread: {Access Denied} A process has requested access to an object, but has not been granted those access rights. (0xc0000022)
[1025/223944.809:ERROR:exception_snapshot_win.cc(99)] thread ID 10848 not found in process
[1026/153637.396:ERROR:directory_reader_win.cc(43)] FindFirstFile: The system cannot find the path specified. (0x3)
